<?xml version="1.0" encoding="UTF-8"?>
<testng-results skipped="0" failed="0" ignored="0" total="3" passed="3">
  <reporter-output>
  </reporter-output>
  <suite name="Default suite" duration-ms="98" started-at="2017-05-21T22:34:00Z" finished-at="2017-05-21T22:34:00Z">
    <groups>
    </groups>
    <test name="Default test" duration-ms="98" started-at="2017-05-21T22:34:00Z" finished-at="2017-05-21T22:34:00Z">
      <class name="testngTutorials.Program1">
        <test-method status="PASS" signature="EnterCredentials()[pri:0, instance:testngTutorials.Program1@39aeed2f]" name="EnterCredentials" duration-ms="28" started-at="2017-05-21T17:34:00Z" finished-at="2017-05-21T17:34:00Z">
          <reporter-output>
          </reporter-output>
        </test-method> <!-- EnterCredentials -->
        <test-method status="PASS" signature="SelectWindow()[pri:0, instance:testngTutorials.Program1@39aeed2f]" name="SelectWindow" duration-ms="3" started-at="2017-05-21T17:34:00Z" finished-at="2017-05-21T17:34:00Z">
          <reporter-output>
          </reporter-output>
        </test-method> <!-- SelectWindow -->
        <test-method status="PASS" signature="loginApplication()[pri:0, instance:testngTutorials.Program1@39aeed2f]" name="loginApplication" duration-ms="5" started-at="2017-05-21T17:34:00Z" finished-at="2017-05-21T17:34:00Z">
          <reporter-output>
          </reporter-output>
        </test-method> <!-- loginApplication -->
      </class> <!-- testngTutorials.Program1 -->
    </test> <!-- Default test -->
  </suite> <!-- Default suite -->
</testng-results>
