<?xml version="1.0" encoding="UTF-8"?>
<!-- Generated by org.testng.reporters.JUnitXMLReporter -->
<testsuite hostname="Karlapudi" ignored="0" name="Default test" tests="3" failures="0" timestamp="21 May 2017 22:34:00 GMT" time="0.098" errors="0">
  <testcase name="EnterCredentials" time="0.028" classname="testngTutorials.Program1"/>
  <testcase name="SelectWindow" time="0.003" classname="testngTutorials.Program1"/>
  <testcase name="loginApplication" time="0.005" classname="testngTutorials.Program1"/>
</testsuite> <!-- Default test -->
